CRITICAL - 2023-09-01 03:42:07 --> Config\App::$baseURL is invalid.
in SYSTEMPATH\HTTP\SiteURI.php on line 197.
 1 SYSTEMPATH\HTTP\SiteURI.php(143): CodeIgniter\HTTP\SiteURI->normalizeBaseURL(Object(Config\App))
 2 SYSTEMPATH\HTTP\SiteURI.php(98): CodeIgniter\HTTP\SiteURI->determineBaseURL(Object(Config\App), null, null)
 3 SYSTEMPATH\HTTP\SiteURIFactory.php(222): CodeIgniter\HTTP\SiteURI->__construct(Object(Config\App), '/', null)
 4 SYSTEMPATH\HTTP\SiteURIFactory.php(43): CodeIgniter\HTTP\SiteURIFactory->createURIFromRoutePath('/')
 5 SYSTEMPATH\Config\Services.php(798): CodeIgniter\HTTP\SiteURIFactory->createFromGlobals()
 6 SYSTEMPATH\Config\BaseService.php(258): CodeIgniter\Config\Services::uri(null, false)
 7 SYSTEMPATH\Config\BaseService.php(199): CodeIgniter\Config\BaseService::__callStatic('uri', [...])
 8 SYSTEMPATH\Config\Services.php(791): CodeIgniter\Config\BaseService::getSharedInstance('uri', null)
 9 SYSTEMPATH\Config\BaseService.php(258): CodeIgniter\Config\Services::uri()
10 SYSTEMPATH\Config\Services.php(565): CodeIgniter\Config\BaseService::__callStatic('uri', [])
11 SYSTEMPATH\Config\Services.php(523): CodeIgniter\Config\Services::incomingrequest(Object(Config\App), false)
12 SYSTEMPATH\Config\BaseService.php(258): CodeIgniter\Config\Services::request(Object(Config\App), false)
13 SYSTEMPATH\Config\BaseService.php(199): CodeIgniter\Config\BaseService::__callStatic('request', [...])
14 SYSTEMPATH\Config\Services.php(558): CodeIgniter\Config\BaseService::getSharedInstance('request', Object(Config\App))
15 SYSTEMPATH\Config\BaseService.php(258): CodeIgniter\Config\Services::incomingrequest(Object(Config\App))
16 SYSTEMPATH\Config\Services.php(538): CodeIgniter\Config\BaseService::__callStatic('incomingrequest', [...])
17 SYSTEMPATH\Config\BaseService.php(258): CodeIgniter\Config\Services::createRequest(Object(Config\App))
18 SYSTEMPATH\CodeIgniter.php(637): CodeIgniter\Config\BaseService::__callStatic('createRequest', [...])
19 SYSTEMPATH\CodeIgniter.php(347): CodeIgniter\CodeIgniter->getRequestObject()
20 FCPATH\index.php(79): CodeIgniter\CodeIgniter->run()
21 SYSTEMPATH\Commands\Server\rewrite.php(47): require_once('D:\\laragon\\www\\eCampuz_test\\bonus_case\\public\\index.php')
CRITICAL - 2023-09-01 03:42:07 --> Uncaught CodeIgniter\Exceptions\ConfigException: Config\App::$baseURL is invalid. in D:\laragon\www\eCampuz_test\bonus_case\system\HTTP\SiteURI.php:197
Stack trace:
#0 D:\laragon\www\eCampuz_test\bonus_case\system\HTTP\SiteURI.php(143): CodeIgniter\HTTP\SiteURI->normalizeBaseURL(Object(Config\App))
#1 D:\laragon\www\eCampuz_test\bonus_case\system\HTTP\SiteURI.php(98): CodeIgniter\HTTP\SiteURI->determineBaseURL(Object(Config\App), NULL, NULL)
#2 D:\laragon\www\eCampuz_test\bonus_case\system\HTTP\SiteURIFactory.php(222): CodeIgniter\HTTP\SiteURI->__construct(Object(Config\App), '/', NULL)
#3 D:\laragon\www\eCampuz_test\bonus_case\system\HTTP\SiteURIFactory.php(43): CodeIgniter\HTTP\SiteURIFactory->createURIFromRoutePath('/')
#4 D:\laragon\www\eCampuz_test\bonus_case\system\Config\Services.php(798): CodeIgniter\HTTP\SiteURIFactory->createFromGlobals()
#5 D:\laragon\www\eCampuz_test\bonus_case\system\Config\BaseService.php(258): CodeIgniter\Config\Services::uri(NULL, false)
#6 D:\laragon\www\eCampuz_test\bonus_case\system\Config\BaseService.php(199): CodeIgniter\Config\BaseService::__callStatic('uri', Array)
#7 D:\laragon\www\eCampuz_test\bonus_case\system\Config\Services.php(791): CodeIgniter\Config\BaseService::getSharedInstance('uri', NULL)
#8 D:\laragon\www\eCampuz_test\bonus_case\system\Config\BaseService.php(258): CodeIgniter\Config\Services::uri()
#9 D:\laragon\www\eCampuz_test\bonus_case\system\Config\Services.php(565): CodeIgniter\Config\BaseService::__callStatic('uri', Array)
#10 D:\laragon\www\eCampuz_test\bonus_case\system\Config\Services.php(523): CodeIgniter\Config\Services::incomingrequest(Object(Config\App), false)
#11 D:\laragon\www\eCampuz_test\bonus_case\system\Config\BaseService.php(258): CodeIgniter\Config\Services::request(NULL, false)
#12 D:\laragon\www\eCampuz_test\bonus_case\system\Config\BaseService.php(199): CodeIgniter\Config\BaseService::__callStatic('request', Array)
#13 D:\laragon\www\eCampuz_test\bonus_case\system\Config\Services.php(519): CodeIgniter\Config\BaseService::getSharedInstance('request', NULL)
#14 D:\laragon\www\eCampuz_test\bonus_case\system\Config\BaseService.php(258): CodeIgniter\Config\Services::request()
#15 D:\laragon\www\eCampuz_test\bonus_case\system\Debug\Exceptions.php(135): CodeIgniter\Config\BaseService::__callStatic('request', Array)
#16 [internal function]: CodeIgniter\Debug\Exceptions->exceptionHandler(Object(CodeIgniter\Exceptions\ConfigException))
#17 {main}
  thrown
【Previous Exception】
CodeIgniter\Exceptions\ConfigException
Config\App::$baseURL is invalid.
#0 D:\laragon\www\eCampuz_test\bonus_case\system\HTTP\SiteURI.php(143): CodeIgniter\HTTP\SiteURI->normalizeBaseURL(Object(Config\App))
#1 D:\laragon\www\eCampuz_test\bonus_case\system\HTTP\SiteURI.php(98): CodeIgniter\HTTP\SiteURI->determineBaseURL(Object(Config\App), NULL, NULL)
#2 D:\laragon\www\eCampuz_test\bonus_case\system\HTTP\SiteURIFactory.php(222): CodeIgniter\HTTP\SiteURI->__construct(Object(Config\App), '/', NULL)
#3 D:\laragon\www\eCampuz_test\bonus_case\system\HTTP\SiteURIFactory.php(43): CodeIgniter\HTTP\SiteURIFactory->createURIFromRoutePath('/')
#4 D:\laragon\www\eCampuz_test\bonus_case\system\Config\Services.php(798): CodeIgniter\HTTP\SiteURIFactory->createFromGlobals()
#5 D:\laragon\www\eCampuz_test\bonus_case\system\Config\BaseService.php(258): CodeIgniter\Config\Services::uri(NULL, false)
#6 D:\laragon\www\eCampuz_test\bonus_case\system\Config\BaseService.php(199): CodeIgniter\Config\BaseService::__callStatic('uri', Array)
#7 D:\laragon\www\eCampuz_test\bonus_case\system\Config\Services.php(791): CodeIgniter\Config\BaseService::getSharedInstance('uri', NULL)
#8 D:\laragon\www\eCampuz_test\bonus_case\system\Config\BaseService.php(258): CodeIgniter\Config\Services::uri()
#9 D:\laragon\www\eCampuz_test\bonus_case\system\Config\Services.php(565): CodeIgniter\Config\BaseService::__callStatic('uri', Array)
#10 D:\laragon\www\eCampuz_test\bonus_case\system\Config\Services.php(523): CodeIgniter\Config\Services::incomingrequest(Object(Config\App), false)
#11 D:\laragon\www\eCampuz_test\bonus_case\system\Config\BaseService.php(258): CodeIgniter\Config\Services::request(Object(Config\App), false)
#12 D:\laragon\www\eCampuz_test\bonus_case\system\Config\BaseService.php(199): CodeIgniter\Config\BaseService::__callStatic('request', Array)
#13 D:\laragon\www\eCampuz_test\bonus_case\system\Config\Services.php(558): CodeIgniter\Config\BaseService::getSharedInstance('request', Object(Config\App))
#14 D:\laragon\www\eCampuz_test\bonus_case\system\Config\BaseService.php(258): CodeIgniter\Config\Services::incomingrequest(Object(Config\App))
#15 D:\laragon\www\eCampuz_test\bonus_case\system\Config\Services.php(538): CodeIgniter\Config\BaseService::__callStatic('incomingrequest', Array)
#16 D:\laragon\www\eCampuz_test\bonus_case\system\Config\BaseService.php(258): CodeIgniter\Config\Services::createRequest(Object(Config\App))
#17 D:\laragon\www\eCampuz_test\bonus_case\system\CodeIgniter.php(637): CodeIgniter\Config\BaseService::__callStatic('createRequest', Array)
#18 D:\laragon\www\eCampuz_test\bonus_case\system\CodeIgniter.php(347): CodeIgniter\CodeIgniter->getRequestObject()
#19 D:\laragon\www\eCampuz_test\bonus_case\public\index.php(79): CodeIgniter\CodeIgniter->run()
#20 D:\laragon\www\eCampuz_test\bonus_case\system\Commands\Server\rewrite.php(47): require_once('D:\\laragon\\www\\...')
#21 {main}
in SYSTEMPATH\HTTP\SiteURI.php on line 197.
 1 [internal function]: CodeIgniter\Debug\Exceptions->shutdownHandler()
CRITICAL - 2023-09-01 03:51:33 --> App\Controllers\Home::index(): Return value must be of type string, CodeIgniter\HTTP\RedirectResponse returned
in APPPATH\Controllers\Home.php on line 9.
 1 SYSTEMPATH\CodeIgniter.php(915): App\Controllers\Home->index()
 2 SYSTEMPATH\CodeIgniter.php(492): CodeIgniter\CodeIgniter->runController(Object(App\Controllers\Home))
 3 SYSTEMPATH\CodeIgniter.php(353): CodeIgniter\CodeIgniter->handleRequest(null, Object(Config\Cache), false)
 4 FCPATH\index.php(79): CodeIgniter\CodeIgniter->run()
 5 SYSTEMPATH\Commands\Server\rewrite.php(47): require_once('D:\\laragon\\www\\eCampuz_test\\bonus_case\\public\\index.php')
CRITICAL - 2023-09-01 03:51:51 --> syntax error, unexpected token "{"
in APPPATH\Controllers\Home.php on line 8.
 1 SYSTEMPATH\Autoloader\Autoloader.php(285): CodeIgniter\Autoloader\Autoloader->includeFile('D:\\laragon\\www\\eCampuz_test\\bonus_case\\app\\Controllers\\Home.php')
 2 SYSTEMPATH\Autoloader\Autoloader.php(263): CodeIgniter\Autoloader\Autoloader->loadInNamespace('App\\Controllers\\Home')
 3 [internal function]: CodeIgniter\Autoloader\Autoloader->loadClass('App\\Controllers\\Home')
 4 SYSTEMPATH\CodeIgniter.php(873): class_exists('\\App\\Controllers\\Home', true)
 5 SYSTEMPATH\CodeIgniter.php(479): CodeIgniter\CodeIgniter->startController()
 6 SYSTEMPATH\CodeIgniter.php(353): CodeIgniter\CodeIgniter->handleRequest(null, Object(Config\Cache), false)
 7 FCPATH\index.php(79): CodeIgniter\CodeIgniter->run()
 8 SYSTEMPATH\Commands\Server\rewrite.php(47): require_once('D:\\laragon\\www\\eCampuz_test\\bonus_case\\public\\index.php')
INFO - 2023-09-01 03:51:57 --> Session: Class initialized using 'CodeIgniter\Session\Handlers\FileHandler' driver.
INFO - 2023-09-01 04:01:13 --> Session: Class initialized using 'CodeIgniter\Session\Handlers\FileHandler' driver.
INFO - 2023-09-01 04:01:21 --> Session: Class initialized using 'CodeIgniter\Session\Handlers\FileHandler' driver.
INFO - 2023-09-01 04:01:32 --> Session: Class initialized using 'CodeIgniter\Session\Handlers\FileHandler' driver.
CRITICAL - 2023-09-01 04:01:32 --> Undefined array key "status"
in APPPATH\Controllers\Auth.php on line 23.
 1 APPPATH\Controllers\Auth.php(23): CodeIgniter\Debug\Exceptions->errorHandler(2, 'Undefined array key "status"', 'D:\\laragon\\www\\eCampuz_test\\bonus_case\\app\\Controllers\\Auth.php', 23)
 2 SYSTEMPATH\CodeIgniter.php(915): App\Controllers\Auth->login()
 3 SYSTEMPATH\CodeIgniter.php(492): CodeIgniter\CodeIgniter->runController(Object(App\Controllers\Auth))
 4 SYSTEMPATH\CodeIgniter.php(353): CodeIgniter\CodeIgniter->handleRequest(null, Object(Config\Cache), false)
 5 FCPATH\index.php(79): CodeIgniter\CodeIgniter->run()
 6 SYSTEMPATH\Commands\Server\rewrite.php(47): require_once('D:\\laragon\\www\\eCampuz_test\\bonus_case\\public\\index.php')
INFO - 2023-09-01 04:01:53 --> Session: Class initialized using 'CodeIgniter\Session\Handlers\FileHandler' driver.
INFO - 2023-09-01 04:02:08 --> Session: Class initialized using 'CodeIgniter\Session\Handlers\FileHandler' driver.
CRITICAL - 2023-09-01 04:02:08 --> Undefined array key "password"
in APPPATH\Controllers\Auth.php on line 23.
 1 APPPATH\Controllers\Auth.php(23): CodeIgniter\Debug\Exceptions->errorHandler(2, 'Undefined array key "password"', 'D:\\laragon\\www\\eCampuz_test\\bonus_case\\app\\Controllers\\Auth.php', 23)
 2 SYSTEMPATH\CodeIgniter.php(915): App\Controllers\Auth->login()
 3 SYSTEMPATH\CodeIgniter.php(492): CodeIgniter\CodeIgniter->runController(Object(App\Controllers\Auth))
 4 SYSTEMPATH\CodeIgniter.php(353): CodeIgniter\CodeIgniter->handleRequest(null, Object(Config\Cache), false)
 5 FCPATH\index.php(79): CodeIgniter\CodeIgniter->run()
 6 SYSTEMPATH\Commands\Server\rewrite.php(47): require_once('D:\\laragon\\www\\eCampuz_test\\bonus_case\\public\\index.php')
INFO - 2023-09-01 04:02:55 --> Session: Class initialized using 'CodeIgniter\Session\Handlers\FileHandler' driver.
INFO - 2023-09-01 04:02:59 --> CSRF token verified.
INFO - 2023-09-01 04:02:59 --> Session: Class initialized using 'CodeIgniter\Session\Handlers\FileHandler' driver.
INFO - 2023-09-01 04:04:34 --> Session: Class initialized using 'CodeIgniter\Session\Handlers\FileHandler' driver.
INFO - 2023-09-01 04:04:34 --> Session: Class initialized using 'CodeIgniter\Session\Handlers\FileHandler' driver.
INFO - 2023-09-01 04:04:38 --> Session: Class initialized using 'CodeIgniter\Session\Handlers\FileHandler' driver.
CRITICAL - 2023-09-01 04:04:38 --> Undefined variable $dataUsers
in APPPATH\Views\instansi\index.php on line 69.
 1 APPPATH\Views\instansi\index.php(69): CodeIgniter\Debug\Exceptions->errorHandler(2, 'Undefined variable $dataUsers', 'D:\\laragon\\www\\eCampuz_test\\bonus_case\\app\\Views\\instansi\\index.php', 69)
 2 SYSTEMPATH\View\View.php(226): include('D:\\laragon\\www\\eCampuz_test\\bonus_case\\app\\Views\\instansi\\index.php')
 3 SYSTEMPATH\View\View.php(229): CodeIgniter\View\View->CodeIgniter\View\{closure}()
 4 SYSTEMPATH\Common.php(1178): CodeIgniter\View\View->render('instansi/index', [], true)
 5 APPPATH\Controllers\Instansi.php(12): view('instansi/index', [...])
 6 SYSTEMPATH\CodeIgniter.php(915): App\Controllers\Instansi->index()
 7 SYSTEMPATH\CodeIgniter.php(492): CodeIgniter\CodeIgniter->runController(Object(App\Controllers\Instansi))
 8 SYSTEMPATH\CodeIgniter.php(353): CodeIgniter\CodeIgniter->handleRequest(null, Object(Config\Cache), false)
 9 FCPATH\index.php(79): CodeIgniter\CodeIgniter->run()
10 SYSTEMPATH\Commands\Server\rewrite.php(47): require_once('D:\\laragon\\www\\eCampuz_test\\bonus_case\\public\\index.php')
INFO - 2023-09-01 04:05:58 --> Session: Class initialized using 'CodeIgniter\Session\Handlers\FileHandler' driver.
CRITICAL - 2023-09-01 04:05:58 --> syntax error, unexpected token ")", expecting "->" or "?->" or "{" or "["
in APPPATH\Views\instansi\index.php on line 69.
 1 SYSTEMPATH\View\View.php(229): CodeIgniter\View\View->CodeIgniter\View\{closure}()
 2 SYSTEMPATH\Common.php(1178): CodeIgniter\View\View->render('instansi/index', [], true)
 3 APPPATH\Controllers\Instansi.php(12): view('instansi/index', [...])
 4 SYSTEMPATH\CodeIgniter.php(915): App\Controllers\Instansi->index()
 5 SYSTEMPATH\CodeIgniter.php(492): CodeIgniter\CodeIgniter->runController(Object(App\Controllers\Instansi))
 6 SYSTEMPATH\CodeIgniter.php(353): CodeIgniter\CodeIgniter->handleRequest(null, Object(Config\Cache), false)
 7 FCPATH\index.php(79): CodeIgniter\CodeIgniter->run()
 8 SYSTEMPATH\Commands\Server\rewrite.php(47): require_once('D:\\laragon\\www\\eCampuz_test\\bonus_case\\public\\index.php')
INFO - 2023-09-01 04:06:12 --> Session: Class initialized using 'CodeIgniter\Session\Handlers\FileHandler' driver.
CRITICAL - 2023-09-01 04:06:12 --> Undefined variable $title
in APPPATH\Views\layout\mainlayout.php on line 7.
 1 APPPATH\Views\layout\mainlayout.php(7): CodeIgniter\Debug\Exceptions->errorHandler(2, 'Undefined variable $title', 'D:\\laragon\\www\\eCampuz_test\\bonus_case\\app\\Views\\layout\\mainlayout.php', 7)
 2 SYSTEMPATH\View\View.php(226): include('D:\\laragon\\www\\eCampuz_test\\bonus_case\\app\\Views\\layout\\mainlayout.php')
 3 SYSTEMPATH\View\View.php(229): CodeIgniter\View\View->CodeIgniter\View\{closure}()
 4 SYSTEMPATH\View\View.php(242): CodeIgniter\View\View->render('layout/mainlayout', [], true)
 5 SYSTEMPATH\Common.php(1178): CodeIgniter\View\View->render('instansi/index', [], true)
 6 APPPATH\Controllers\Instansi.php(12): view('instansi/index', [...])
 7 SYSTEMPATH\CodeIgniter.php(915): App\Controllers\Instansi->index()
 8 SYSTEMPATH\CodeIgniter.php(492): CodeIgniter\CodeIgniter->runController(Object(App\Controllers\Instansi))
 9 SYSTEMPATH\CodeIgniter.php(353): CodeIgniter\CodeIgniter->handleRequest(null, Object(Config\Cache), false)
10 FCPATH\index.php(79): CodeIgniter\CodeIgniter->run()
11 SYSTEMPATH\Commands\Server\rewrite.php(47): require_once('D:\\laragon\\www\\eCampuz_test\\bonus_case\\public\\index.php')
INFO - 2023-09-01 04:09:02 --> Session: Class initialized using 'CodeIgniter\Session\Handlers\FileHandler' driver.
CRITICAL - 2023-09-01 04:09:02 --> Undefined variable $user_login
in APPPATH\Views\layout\mainlayout.php on line 72.
 1 APPPATH\Views\layout\mainlayout.php(72): CodeIgniter\Debug\Exceptions->errorHandler(2, 'Undefined variable $user_login', 'D:\\laragon\\www\\eCampuz_test\\bonus_case\\app\\Views\\layout\\mainlayout.php', 72)
 2 SYSTEMPATH\View\View.php(226): include('D:\\laragon\\www\\eCampuz_test\\bonus_case\\app\\Views\\layout\\mainlayout.php')
 3 SYSTEMPATH\View\View.php(229): CodeIgniter\View\View->CodeIgniter\View\{closure}()
 4 SYSTEMPATH\View\View.php(242): CodeIgniter\View\View->render('layout/mainlayout', [], true)
 5 SYSTEMPATH\Common.php(1178): CodeIgniter\View\View->render('instansi/index', [], true)
 6 APPPATH\Controllers\Instansi.php(13): view('instansi/index', [...])
 7 SYSTEMPATH\CodeIgniter.php(915): App\Controllers\Instansi->index()
 8 SYSTEMPATH\CodeIgniter.php(492): CodeIgniter\CodeIgniter->runController(Object(App\Controllers\Instansi))
 9 SYSTEMPATH\CodeIgniter.php(353): CodeIgniter\CodeIgniter->handleRequest(null, Object(Config\Cache), false)
10 FCPATH\index.php(79): CodeIgniter\CodeIgniter->run()
11 SYSTEMPATH\Commands\Server\rewrite.php(47): require_once('D:\\laragon\\www\\eCampuz_test\\bonus_case\\public\\index.php')
INFO - 2023-09-01 04:09:42 --> Session: Class initialized using 'CodeIgniter\Session\Handlers\FileHandler' driver.
CRITICAL - 2023-09-01 04:09:42 --> Undefined array key "name"
in APPPATH\Views\layout\mainlayout.php on line 72.
 1 APPPATH\Views\layout\mainlayout.php(72): CodeIgniter\Debug\Exceptions->errorHandler(2, 'Undefined array key "name"', 'D:\\laragon\\www\\eCampuz_test\\bonus_case\\app\\Views\\layout\\mainlayout.php', 72)
 2 SYSTEMPATH\View\View.php(226): include('D:\\laragon\\www\\eCampuz_test\\bonus_case\\app\\Views\\layout\\mainlayout.php')
 3 SYSTEMPATH\View\View.php(229): CodeIgniter\View\View->CodeIgniter\View\{closure}()
 4 SYSTEMPATH\View\View.php(242): CodeIgniter\View\View->render('layout/mainlayout', [], true)
 5 SYSTEMPATH\Common.php(1178): CodeIgniter\View\View->render('instansi/index', [], true)
 6 APPPATH\Controllers\Instansi.php(15): view('instansi/index', [...])
 7 SYSTEMPATH\CodeIgniter.php(915): App\Controllers\Instansi->index()
 8 SYSTEMPATH\CodeIgniter.php(492): CodeIgniter\CodeIgniter->runController(Object(App\Controllers\Instansi))
 9 SYSTEMPATH\CodeIgniter.php(353): CodeIgniter\CodeIgniter->handleRequest(null, Object(Config\Cache), false)
10 FCPATH\index.php(79): CodeIgniter\CodeIgniter->run()
11 SYSTEMPATH\Commands\Server\rewrite.php(47): require_once('D:\\laragon\\www\\eCampuz_test\\bonus_case\\public\\index.php')
INFO - 2023-09-01 04:10:14 --> Session: Class initialized using 'CodeIgniter\Session\Handlers\FileHandler' driver.
CRITICAL - 2023-09-01 04:10:14 --> Undefined array key "role_user"
in APPPATH\Views\layout\mainlayout.php on line 75.
 1 APPPATH\Views\layout\mainlayout.php(75): CodeIgniter\Debug\Exceptions->errorHandler(2, 'Undefined array key "role_user"', 'D:\\laragon\\www\\eCampuz_test\\bonus_case\\app\\Views\\layout\\mainlayout.php', 75)
 2 SYSTEMPATH\View\View.php(226): include('D:\\laragon\\www\\eCampuz_test\\bonus_case\\app\\Views\\layout\\mainlayout.php')
 3 SYSTEMPATH\View\View.php(229): CodeIgniter\View\View->CodeIgniter\View\{closure}()
 4 SYSTEMPATH\View\View.php(242): CodeIgniter\View\View->render('layout/mainlayout', [], true)
 5 SYSTEMPATH\Common.php(1178): CodeIgniter\View\View->render('instansi/index', [], true)
 6 APPPATH\Controllers\Instansi.php(15): view('instansi/index', [...])
 7 SYSTEMPATH\CodeIgniter.php(915): App\Controllers\Instansi->index()
 8 SYSTEMPATH\CodeIgniter.php(492): CodeIgniter\CodeIgniter->runController(Object(App\Controllers\Instansi))
 9 SYSTEMPATH\CodeIgniter.php(353): CodeIgniter\CodeIgniter->handleRequest(null, Object(Config\Cache), false)
10 FCPATH\index.php(79): CodeIgniter\CodeIgniter->run()
11 SYSTEMPATH\Commands\Server\rewrite.php(47): require_once('D:\\laragon\\www\\eCampuz_test\\bonus_case\\public\\index.php')
INFO - 2023-09-01 04:10:46 --> Session: Class initialized using 'CodeIgniter\Session\Handlers\FileHandler' driver.
INFO - 2023-09-01 04:11:19 --> Session: Class initialized using 'CodeIgniter\Session\Handlers\FileHandler' driver.
INFO - 2023-09-01 04:11:28 --> Session: Class initialized using 'CodeIgniter\Session\Handlers\FileHandler' driver.
INFO - 2023-09-01 04:11:30 --> Session: Class initialized using 'CodeIgniter\Session\Handlers\FileHandler' driver.
INFO - 2023-09-01 04:11:52 --> Session: Class initialized using 'CodeIgniter\Session\Handlers\FileHandler' driver.
INFO - 2023-09-01 04:11:55 --> Session: Class initialized using 'CodeIgniter\Session\Handlers\FileHandler' driver.
CRITICAL - 2023-09-01 04:11:55 --> Invalid file: "instansi/tambah.php"
in SYSTEMPATH\Exceptions\FrameworkException.php on line 39.
 1 SYSTEMPATH\View\View.php(214): CodeIgniter\Exceptions\FrameworkException::forInvalidFile('instansi/tambah.php')
 2 SYSTEMPATH\Common.php(1178): CodeIgniter\View\View->render('instansi/tambah', [], true)
 3 APPPATH\Controllers\Instansi.php(24): view('instansi/tambah', [...])
 4 SYSTEMPATH\CodeIgniter.php(915): App\Controllers\Instansi->tambah()
 5 SYSTEMPATH\CodeIgniter.php(492): CodeIgniter\CodeIgniter->runController(Object(App\Controllers\Instansi))
 6 SYSTEMPATH\CodeIgniter.php(353): CodeIgniter\CodeIgniter->handleRequest(null, Object(Config\Cache), false)
 7 FCPATH\index.php(79): CodeIgniter\CodeIgniter->run()
 8 SYSTEMPATH\Commands\Server\rewrite.php(47): require_once('D:\\laragon\\www\\eCampuz_test\\bonus_case\\public\\index.php')
INFO - 2023-09-01 04:12:05 --> Session: Class initialized using 'CodeIgniter\Session\Handlers\FileHandler' driver.
INFO - 2023-09-01 04:12:51 --> Session: Class initialized using 'CodeIgniter\Session\Handlers\FileHandler' driver.
INFO - 2023-09-01 04:13:09 --> Session: Class initialized using 'CodeIgniter\Session\Handlers\FileHandler' driver.
INFO - 2023-09-01 04:14:19 --> Session: Class initialized using 'CodeIgniter\Session\Handlers\FileHandler' driver.
INFO - 2023-09-01 04:16:46 --> Session: Class initialized using 'CodeIgniter\Session\Handlers\FileHandler' driver.
INFO - 2023-09-01 04:16:46 --> CSRF token verified.
CRITICAL - 2023-09-01 04:16:46 --> "instansi" is not a validation rules group.
in SYSTEMPATH\Validation\Validation.php on line 715.
 1 SYSTEMPATH\Validation\Validation.php(715): CodeIgniter\Validation\Exceptions\ValidationException::forGroupNotFound('instansi')
 2 SYSTEMPATH\Validation\Validation.php(144): CodeIgniter\Validation\Validation->loadRuleGroup('instansi')
 3 APPPATH\Controllers\Instansi.php(33): CodeIgniter\Validation\Validation->run([...], 'instansi')
 4 SYSTEMPATH\CodeIgniter.php(915): App\Controllers\Instansi->simpan()
 5 SYSTEMPATH\CodeIgniter.php(492): CodeIgniter\CodeIgniter->runController(Object(App\Controllers\Instansi))
 6 SYSTEMPATH\CodeIgniter.php(353): CodeIgniter\CodeIgniter->handleRequest(null, Object(Config\Cache), false)
 7 FCPATH\index.php(79): CodeIgniter\CodeIgniter->run()
 8 SYSTEMPATH\Commands\Server\rewrite.php(47): require_once('D:\\laragon\\www\\eCampuz_test\\bonus_case\\public\\index.php')
INFO - 2023-09-01 04:16:49 --> Session: Class initialized using 'CodeIgniter\Session\Handlers\FileHandler' driver.
INFO - 2023-09-01 04:17:11 --> Session: Class initialized using 'CodeIgniter\Session\Handlers\FileHandler' driver.
INFO - 2023-09-01 04:17:11 --> CSRF token verified.
INFO - 2023-09-01 04:17:11 --> Session: Class initialized using 'CodeIgniter\Session\Handlers\FileHandler' driver.
CRITICAL - 2023-09-01 04:17:11 --> Undefined array key "id"
in APPPATH\Views\instansi\index.php on line 74.
 1 APPPATH\Views\instansi\index.php(74): CodeIgniter\Debug\Exceptions->errorHandler(2, 'Undefined array key "id"', 'D:\\laragon\\www\\eCampuz_test\\bonus_case\\app\\Views\\instansi\\index.php', 74)
 2 SYSTEMPATH\View\View.php(226): include('D:\\laragon\\www\\eCampuz_test\\bonus_case\\app\\Views\\instansi\\index.php')
 3 SYSTEMPATH\View\View.php(229): CodeIgniter\View\View->CodeIgniter\View\{closure}()
 4 SYSTEMPATH\Common.php(1178): CodeIgniter\View\View->render('instansi/index', [], true)
 5 APPPATH\Controllers\Instansi.php(15): view('instansi/index', [...])
 6 SYSTEMPATH\CodeIgniter.php(915): App\Controllers\Instansi->index()
 7 SYSTEMPATH\CodeIgniter.php(492): CodeIgniter\CodeIgniter->runController(Object(App\Controllers\Instansi))
 8 SYSTEMPATH\CodeIgniter.php(353): CodeIgniter\CodeIgniter->handleRequest(null, Object(Config\Cache), false)
 9 FCPATH\index.php(79): CodeIgniter\CodeIgniter->run()
10 SYSTEMPATH\Commands\Server\rewrite.php(47): require_once('D:\\laragon\\www\\eCampuz_test\\bonus_case\\public\\index.php')
INFO - 2023-09-01 04:17:56 --> Session: Class initialized using 'CodeIgniter\Session\Handlers\FileHandler' driver.
INFO - 2023-09-01 04:18:56 --> Session: Class initialized using 'CodeIgniter\Session\Handlers\FileHandler' driver.
INFO - 2023-09-01 04:19:21 --> Session: Class initialized using 'CodeIgniter\Session\Handlers\FileHandler' driver.
INFO - 2023-09-01 04:19:23 --> Session: Class initialized using 'CodeIgniter\Session\Handlers\FileHandler' driver.
INFO - 2023-09-01 04:19:31 --> Session: Class initialized using 'CodeIgniter\Session\Handlers\FileHandler' driver.
INFO - 2023-09-01 04:19:31 --> CSRF token verified.
INFO - 2023-09-01 04:19:32 --> Session: Class initialized using 'CodeIgniter\Session\Handlers\FileHandler' driver.
INFO - 2023-09-01 04:19:53 --> Session: Class initialized using 'CodeIgniter\Session\Handlers\FileHandler' driver.
INFO - 2023-09-01 04:19:56 --> Session: Class initialized using 'CodeIgniter\Session\Handlers\FileHandler' driver.
INFO - 2023-09-01 04:20:32 --> Session: Class initialized using 'CodeIgniter\Session\Handlers\FileHandler' driver.
INFO - 2023-09-01 04:21:43 --> Session: Class initialized using 'CodeIgniter\Session\Handlers\FileHandler' driver.
INFO - 2023-09-01 04:21:46 --> Session: Class initialized using 'CodeIgniter\Session\Handlers\FileHandler' driver.
ERROR - 2023-09-01 04:21:46 --> mysqli_sql_exception: Unknown column 'instansi.id' in 'where clause' in D:\laragon\www\eCampuz_test\bonus_case\system\Database\MySQLi\Connection.php:306
Stack trace:
#0 D:\laragon\www\eCampuz_test\bonus_case\system\Database\MySQLi\Connection.php(306): mysqli->query('SELECT *\nFROM `...', 0)
#1 D:\laragon\www\eCampuz_test\bonus_case\system\Database\BaseConnection.php(692): CodeIgniter\Database\MySQLi\Connection->execute('SELECT *\nFROM `...')
#2 D:\laragon\www\eCampuz_test\bonus_case\system\Database\BaseConnection.php(606): CodeIgniter\Database\BaseConnection->simpleQuery('SELECT *\nFROM `...')
#3 D:\laragon\www\eCampuz_test\bonus_case\system\Database\BaseBuilder.php(1616): CodeIgniter\Database\BaseConnection->query('SELECT *\nFROM `...', Array, false)
#4 D:\laragon\www\eCampuz_test\bonus_case\system\Model.php(196): CodeIgniter\Database\BaseBuilder->get()
#5 D:\laragon\www\eCampuz_test\bonus_case\system\BaseModel.php(563): CodeIgniter\Model->doFind(true, '1')
#6 D:\laragon\www\eCampuz_test\bonus_case\app\Controllers\Instansi.php(47): CodeIgniter\BaseModel->find('1')
#7 D:\laragon\www\eCampuz_test\bonus_case\system\CodeIgniter.php(915): App\Controllers\Instansi->ubah('1')
#8 D:\laragon\www\eCampuz_test\bonus_case\system\CodeIgniter.php(492): CodeIgniter\CodeIgniter->runController(Object(App\Controllers\Instansi))
#9 D:\laragon\www\eCampuz_test\bonus_case\system\CodeIgniter.php(353): CodeIgniter\CodeIgniter->handleRequest(NULL, Object(Config\Cache), false)
#10 D:\laragon\www\eCampuz_test\bonus_case\public\index.php(79): CodeIgniter\CodeIgniter->run()
#11 D:\laragon\www\eCampuz_test\bonus_case\system\Commands\Server\rewrite.php(47): require_once('D:\\laragon\\www\\...')
#12 {main}
CRITICAL - 2023-09-01 04:21:46 --> Unknown column 'instansi.id' in 'where clause'
in SYSTEMPATH\Database\BaseConnection.php on line 646.
 1 SYSTEMPATH\Database\BaseBuilder.php(1616): CodeIgniter\Database\BaseConnection->query('SELECT *
FROM `instansi`
WHERE `instansi`.`id` = :instansi.id:', [...], false)
 2 SYSTEMPATH\Model.php(196): CodeIgniter\Database\BaseBuilder->get()
 3 SYSTEMPATH\BaseModel.php(563): CodeIgniter\Model->doFind(true, '1')
 4 APPPATH\Controllers\Instansi.php(47): CodeIgniter\BaseModel->find('1')
 5 SYSTEMPATH\CodeIgniter.php(915): App\Controllers\Instansi->ubah('1')
 6 SYSTEMPATH\CodeIgniter.php(492): CodeIgniter\CodeIgniter->runController(Object(App\Controllers\Instansi))
 7 SYSTEMPATH\CodeIgniter.php(353): CodeIgniter\CodeIgniter->handleRequest(null, Object(Config\Cache), false)
 8 FCPATH\index.php(79): CodeIgniter\CodeIgniter->run()
 9 SYSTEMPATH\Commands\Server\rewrite.php(47): require_once('D:\\laragon\\www\\eCampuz_test\\bonus_case\\public\\index.php')
INFO - 2023-09-01 04:22:33 --> Session: Class initialized using 'CodeIgniter\Session\Handlers\FileHandler' driver.
CRITICAL - 2023-09-01 04:22:33 --> Invalid file: "instansi/ubah.php"
in SYSTEMPATH\Exceptions\FrameworkException.php on line 39.
 1 SYSTEMPATH\View\View.php(214): CodeIgniter\Exceptions\FrameworkException::forInvalidFile('instansi/ubah.php')
 2 SYSTEMPATH\Common.php(1178): CodeIgniter\View\View->render('instansi/ubah', [], true)
 3 APPPATH\Controllers\Instansi.php(50): view('instansi/ubah', [...])
 4 SYSTEMPATH\CodeIgniter.php(915): App\Controllers\Instansi->ubah('1')
 5 SYSTEMPATH\CodeIgniter.php(492): CodeIgniter\CodeIgniter->runController(Object(App\Controllers\Instansi))
 6 SYSTEMPATH\CodeIgniter.php(353): CodeIgniter\CodeIgniter->handleRequest(null, Object(Config\Cache), false)
 7 FCPATH\index.php(79): CodeIgniter\CodeIgniter->run()
 8 SYSTEMPATH\Commands\Server\rewrite.php(47): require_once('D:\\laragon\\www\\eCampuz_test\\bonus_case\\public\\index.php')
INFO - 2023-09-01 04:22:54 --> Session: Class initialized using 'CodeIgniter\Session\Handlers\FileHandler' driver.
INFO - 2023-09-01 04:23:38 --> Session: Class initialized using 'CodeIgniter\Session\Handlers\FileHandler' driver.
INFO - 2023-09-01 04:24:13 --> Session: Class initialized using 'CodeIgniter\Session\Handlers\FileHandler' driver.
INFO - 2023-09-01 04:24:13 --> CSRF token verified.
INFO - 2023-09-01 04:24:13 --> Session: Class initialized using 'CodeIgniter\Session\Handlers\FileHandler' driver.
INFO - 2023-09-01 04:24:57 --> Session: Class initialized using 'CodeIgniter\Session\Handlers\FileHandler' driver.
INFO - 2023-09-01 04:24:57 --> Session: Class initialized using 'CodeIgniter\Session\Handlers\FileHandler' driver.
INFO - 2023-09-01 04:25:09 --> Session: Class initialized using 'CodeIgniter\Session\Handlers\FileHandler' driver.
INFO - 2023-09-01 04:25:09 --> Session: Class initialized using 'CodeIgniter\Session\Handlers\FileHandler' driver.
INFO - 2023-09-01 04:25:11 --> Session: Class initialized using 'CodeIgniter\Session\Handlers\FileHandler' driver.
INFO - 2023-09-01 04:25:11 --> Session: Class initialized using 'CodeIgniter\Session\Handlers\FileHandler' driver.
INFO - 2023-09-01 04:25:17 --> Session: Class initialized using 'CodeIgniter\Session\Handlers\FileHandler' driver.
INFO - 2023-09-01 04:25:17 --> Session: Class initialized using 'CodeIgniter\Session\Handlers\FileHandler' driver.
INFO - 2023-09-01 04:25:21 --> Session: Class initialized using 'CodeIgniter\Session\Handlers\FileHandler' driver.
INFO - 2023-09-01 04:25:21 --> Session: Class initialized using 'CodeIgniter\Session\Handlers\FileHandler' driver.
